<?xml version="1.0" encoding="UTF-8"?>
<!-- Generated by org.testng.reporters.JUnitXMLReporter -->
<testsuite ignored="0" hostname="geetanjalis-MacBook-Air.local" failures="0" tests="3" name="Surefire test" time="0.068" errors="0" timestamp="2019-02-25T12:39:19 AEDT">
  <testcase classname="qaclickacademy.AppiumTest" name="firsttestappium" time="0.011"/>
  <testcase classname="qaclickacademy.SeleniumTest" name="firsttestsel" time="0.002"/>
  <testcase classname="qaclickacademy.RestAPITest" name="firsttestrest" time="0.001"/>
</testsuite> <!-- Surefire test -->
