<?xml version="1.0" encoding="UTF-8"?>
<testng-results ignored="0" total="3" passed="3" failed="0" skipped="0">
  <reporter-output>
  </reporter-output>
  <suite started-at="2019-02-25T12:39:18 AEDT" name="Surefire suite" finished-at="2019-02-25T12:39:18 AEDT" duration-ms="68">
    <groups>
    </groups>
    <test started-at="2019-02-25T12:39:18 AEDT" name="Surefire test" finished-at="2019-02-25T12:39:18 AEDT" duration-ms="68">
      <class name="qaclickacademy.AppiumTest">
        <test-method signature="firsttestappium()[pri:0, instance:qaclickacademy.AppiumTest@63021689]" started-at="2019-02-25T12:39:18 AEDT" name="firsttestappium" finished-at="2019-02-25T12:39:18 AEDT" duration-ms="11" status="PASS">
          <reporter-output>
          </reporter-output>
        </test-method> <!-- firsttestappium -->
      </class> <!-- qaclickacademy.AppiumTest -->
      <class name="qaclickacademy.RestAPITest">
        <test-method signature="firsttestrest()[pri:0, instance:qaclickacademy.RestAPITest@3e92efc3]" started-at="2019-02-25T12:39:18 AEDT" name="firsttestrest" finished-at="2019-02-25T12:39:18 AEDT" duration-ms="1" status="PASS">
          <reporter-output>
          </reporter-output>
        </test-method> <!-- firsttestrest -->
      </class> <!-- qaclickacademy.RestAPITest -->
      <class name="qaclickacademy.SeleniumTest">
        <test-method signature="firsttestsel()[pri:0, instance:qaclickacademy.SeleniumTest@703580bf]" started-at="2019-02-25T12:39:18 AEDT" name="firsttestsel" finished-at="2019-02-25T12:39:18 AEDT" duration-ms="2" status="PASS">
          <reporter-output>
          </reporter-output>
        </test-method> <!-- firsttestsel -->
      </class> <!-- qaclickacademy.SeleniumTest -->
    </test> <!-- Surefire test -->
  </suite> <!-- Surefire suite -->
</testng-results>
